d:\code snake\file tạm\game\x64\debug\vc143.pdb
d:\code snake\file tạm\game\x64\debug\vc143.idb
d:\code snake\file tạm\game\x64\debug\snakenode.obj
d:\code snake\file tạm\game\x64\debug\snake.obj
d:\code snake\file tạm\game\x64\debug\screen.obj
d:\code snake\file tạm\game\x64\debug\menuscreen.obj
d:\code snake\file tạm\game\x64\debug\main.obj
d:\code snake\file tạm\game\x64\debug\gamescreen.obj
d:\code snake\file tạm\game\x64\debug\gameoverscreen.obj
d:\code snake\file tạm\game\x64\debug\game.obj
d:\code snake\file tạm\game\x64\debug\fruit.obj
d:\code snake\file tạm\x64\debug\game.exe
d:\code snake\file tạm\x64\debug\game.pdb
d:\code snake\file tạm\game\x64\debug\game.ilk
d:\code snake\file tạm\game\x64\debug\game.tlog\cl.read.1.tlog
d:\code snake\file tạm\game\x64\debug\game.tlog\cl.write.1.tlog
d:\code snake\file tạm\game\x64\debug\game.tlog\cl.command.1.tlog
d:\code snake\file tạm\game\x64\debug\game.tlog\link.read.3.tlog
d:\code snake\file tạm\game\x64\debug\game.tlog\link.write.1.tlog
d:\code snake\file tạm\game\x64\debug\game.tlog\link.secondary.1.tlog
d:\code snake\file tạm\game\x64\debug\game.tlog\link.command.1.tlog
d:\code snake\file tạm\game\x64\debug\game.tlog\cl.items.tlog
